d:\shubham_workspace\object_arx\objectarxcommands\exercisee1_systemvariables\x64\debug\exercisee1_systemvariables.pch
d:\shubham_workspace\object_arx\objectarxcommands\exercisee1_systemvariables\x64\debug\vc143.pdb
d:\shubham_workspace\object_arx\objectarxcommands\exercisee1_systemvariables\x64\debug\vc143.idb
d:\shubham_workspace\object_arx\objectarxcommands\exercisee1_systemvariables\x64\debug\pch.obj
d:\shubham_workspace\object_arx\objectarxcommands\exercisee1_systemvariables\x64\debug\dllmain.obj
d:\shubham_workspace\object_arx\objectarxcommands\exercisee1_systemvariables\x64\debug\exercisee1_systemvariables.obj
d:\shubham_workspace\object_arx\objectarxcommands\x64\debug\exercisee1_systemvariables.arx
d:\shubham_workspace\object_arx\objectarxcommands\x64\debug\exercisee1_systemvariables.pdb
d:\shubham_workspace\object_arx\objectarxcommands\exercisee1_systemvariables\x64\debug\exercisee1_systemvariables.res
d:\shubham_workspace\object_arx\objectarxcommands\x64\debug\exercisee1_systemvariables.lib
d:\shubham_workspace\object_arx\objectarxcommands\x64\debug\exercisee1_systemvariables.exp
d:\shubham_workspace\object_arx\objectarxcommands\exercisee1_systemvariables\x64\debug\exercisee1_systemvariables.ilk
d:\shubham_workspace\object_arx\objectarxcommands\exercisee1_systemvariables\x64\debug\exercise.b63967e3.tlog\cl.command.1.tlog
d:\shubham_workspace\object_arx\objectarxcommands\exercisee1_systemvariables\x64\debug\exercise.b63967e3.tlog\cl.items.tlog
d:\shubham_workspace\object_arx\objectarxcommands\exercisee1_systemvariables\x64\debug\exercise.b63967e3.tlog\cl.read.1.tlog
d:\shubham_workspace\object_arx\objectarxcommands\exercisee1_systemvariables\x64\debug\exercise.b63967e3.tlog\cl.write.1.tlog
d:\shubham_workspace\object_arx\objectarxcommands\exercisee1_systemvariables\x64\debug\exercise.b63967e3.tlog\link.command.1.tlog
d:\shubham_workspace\object_arx\objectarxcommands\exercisee1_systemvariables\x64\debug\exercise.b63967e3.tlog\link.read.1.tlog
d:\shubham_workspace\object_arx\objectarxcommands\exercisee1_systemvariables\x64\debug\exercise.b63967e3.tlog\link.secondary.1.tlog
d:\shubham_workspace\object_arx\objectarxcommands\exercisee1_systemvariables\x64\debug\exercise.b63967e3.tlog\link.write.1.tlog
d:\shubham_workspace\object_arx\objectarxcommands\exercisee1_systemvariables\x64\debug\exercise.b63967e3.tlog\rc.command.1.tlog
d:\shubham_workspace\object_arx\objectarxcommands\exercisee1_systemvariables\x64\debug\exercise.b63967e3.tlog\rc.read.1.tlog
d:\shubham_workspace\object_arx\objectarxcommands\exercisee1_systemvariables\x64\debug\exercise.b63967e3.tlog\rc.write.1.tlog
