d:\shubham_workspace\object_arx\objectarxcommands\exercise1_3_greetings\helloworld\x64\debug\exercise1_3_greetings.pch
d:\shubham_workspace\object_arx\objectarxcommands\exercise1_3_greetings\helloworld\x64\debug\vc143.pdb
d:\shubham_workspace\object_arx\objectarxcommands\exercise1_3_greetings\helloworld\x64\debug\vc143.idb
d:\shubham_workspace\object_arx\objectarxcommands\exercise1_3_greetings\helloworld\x64\debug\pch.obj
d:\shubham_workspace\object_arx\objectarxcommands\exercise1_3_greetings\helloworld\x64\debug\dllmain.obj
d:\shubham_workspace\object_arx\objectarxcommands\exercise1_3_greetings\helloworld\x64\debug\helloworld.obj
d:\shubham_workspace\object_arx\objectarxcommands\x64\debug\helloworld.arx
d:\shubham_workspace\object_arx\objectarxcommands\x64\debug\exercise1_3_greetings.pdb
d:\shubham_workspace\object_arx\objectarxcommands\exercise1_3_greetings\helloworld\x64\debug\helloworld.res
d:\shubham_workspace\object_arx\objectarxcommands\x64\debug\exercise1_3_greetings.lib
d:\shubham_workspace\object_arx\objectarxcommands\x64\debug\exercise1_3_greetings.exp
d:\shubham_workspace\object_arx\objectarxcommands\exercise1_3_greetings\helloworld\x64\debug\exercise1_3_greetings.ilk
d:\shubham_workspace\object_arx\objectarxcommands\exercise1_3_greetings\helloworld\x64\debug\exercise.ab96b49a.tlog\cl.command.1.tlog
d:\shubham_workspace\object_arx\objectarxcommands\exercise1_3_greetings\helloworld\x64\debug\exercise.ab96b49a.tlog\cl.items.tlog
d:\shubham_workspace\object_arx\objectarxcommands\exercise1_3_greetings\helloworld\x64\debug\exercise.ab96b49a.tlog\cl.read.1.tlog
d:\shubham_workspace\object_arx\objectarxcommands\exercise1_3_greetings\helloworld\x64\debug\exercise.ab96b49a.tlog\cl.write.1.tlog
d:\shubham_workspace\object_arx\objectarxcommands\exercise1_3_greetings\helloworld\x64\debug\exercise.ab96b49a.tlog\link.command.1.tlog
d:\shubham_workspace\object_arx\objectarxcommands\exercise1_3_greetings\helloworld\x64\debug\exercise.ab96b49a.tlog\link.read.1.tlog
d:\shubham_workspace\object_arx\objectarxcommands\exercise1_3_greetings\helloworld\x64\debug\exercise.ab96b49a.tlog\link.secondary.1.tlog
d:\shubham_workspace\object_arx\objectarxcommands\exercise1_3_greetings\helloworld\x64\debug\exercise.ab96b49a.tlog\link.write.1.tlog
d:\shubham_workspace\object_arx\objectarxcommands\exercise1_3_greetings\helloworld\x64\debug\exercise.ab96b49a.tlog\rc.command.1.tlog
d:\shubham_workspace\object_arx\objectarxcommands\exercise1_3_greetings\helloworld\x64\debug\exercise.ab96b49a.tlog\rc.read.1.tlog
d:\shubham_workspace\object_arx\objectarxcommands\exercise1_3_greetings\helloworld\x64\debug\exercise.ab96b49a.tlog\rc.write.1.tlog
