d:\shubham_workspace\object_arx\objectarxcommands\exercisee2_inputsingleline\x64\debug\exercisee2_inputsingleline.pch
d:\shubham_workspace\object_arx\objectarxcommands\exercisee2_inputsingleline\x64\debug\vc143.pdb
d:\shubham_workspace\object_arx\objectarxcommands\exercisee2_inputsingleline\x64\debug\vc143.idb
d:\shubham_workspace\object_arx\objectarxcommands\exercisee2_inputsingleline\x64\debug\pch.obj
d:\shubham_workspace\object_arx\objectarxcommands\exercisee2_inputsingleline\x64\debug\dllmain.obj
d:\shubham_workspace\object_arx\objectarxcommands\exercisee2_inputsingleline\x64\debug\exercisee2_inputsingleline.obj
d:\shubham_workspace\object_arx\objectarxcommands\x64\debug\exercisee2_inputsingleline.arx
d:\shubham_workspace\object_arx\objectarxcommands\x64\debug\exercisee2_inputsingleline.pdb
d:\shubham_workspace\object_arx\objectarxcommands\exercisee2_inputsingleline\x64\debug\exercisee2_inputsingleline.res
d:\shubham_workspace\object_arx\objectarxcommands\x64\debug\exercisee2_inputsingleline.lib
d:\shubham_workspace\object_arx\objectarxcommands\x64\debug\exercisee2_inputsingleline.exp
d:\shubham_workspace\object_arx\objectarxcommands\exercisee2_inputsingleline\x64\debug\exercisee2_inputsingleline.ilk
d:\shubham_workspace\object_arx\objectarxcommands\exercisee2_inputsingleline\x64\debug\exercise.2a38ced5.tlog\cl.command.1.tlog
d:\shubham_workspace\object_arx\objectarxcommands\exercisee2_inputsingleline\x64\debug\exercise.2a38ced5.tlog\cl.items.tlog
d:\shubham_workspace\object_arx\objectarxcommands\exercisee2_inputsingleline\x64\debug\exercise.2a38ced5.tlog\cl.read.1.tlog
d:\shubham_workspace\object_arx\objectarxcommands\exercisee2_inputsingleline\x64\debug\exercise.2a38ced5.tlog\cl.write.1.tlog
d:\shubham_workspace\object_arx\objectarxcommands\exercisee2_inputsingleline\x64\debug\exercise.2a38ced5.tlog\link.command.1.tlog
d:\shubham_workspace\object_arx\objectarxcommands\exercisee2_inputsingleline\x64\debug\exercise.2a38ced5.tlog\link.read.1.tlog
d:\shubham_workspace\object_arx\objectarxcommands\exercisee2_inputsingleline\x64\debug\exercise.2a38ced5.tlog\link.secondary.1.tlog
d:\shubham_workspace\object_arx\objectarxcommands\exercisee2_inputsingleline\x64\debug\exercise.2a38ced5.tlog\link.write.1.tlog
d:\shubham_workspace\object_arx\objectarxcommands\exercisee2_inputsingleline\x64\debug\exercise.2a38ced5.tlog\rc.command.1.tlog
d:\shubham_workspace\object_arx\objectarxcommands\exercisee2_inputsingleline\x64\debug\exercise.2a38ced5.tlog\rc.read.1.tlog
d:\shubham_workspace\object_arx\objectarxcommands\exercisee2_inputsingleline\x64\debug\exercise.2a38ced5.tlog\rc.write.1.tlog
