d:\shubham_workspace\object_arx\objectarxcommands\exercise8_colorchange\x64\debug\exercise8_colorchange.pch
d:\shubham_workspace\object_arx\objectarxcommands\exercise8_colorchange\x64\debug\vc143.pdb
d:\shubham_workspace\object_arx\objectarxcommands\exercise8_colorchange\x64\debug\vc143.idb
d:\shubham_workspace\object_arx\objectarxcommands\exercise8_colorchange\x64\debug\pch.obj
d:\shubham_workspace\object_arx\objectarxcommands\exercise8_colorchange\x64\debug\dllmain.obj
d:\shubham_workspace\object_arx\objectarxcommands\exercise8_colorchange\x64\debug\exercise8_colorchange.obj
d:\shubham_workspace\object_arx\objectarxcommands\x64\debug\exercise8_colorchange.arx
d:\shubham_workspace\object_arx\objectarxcommands\x64\debug\exercise8_colorchange.pdb
d:\shubham_workspace\object_arx\objectarxcommands\exercise8_colorchange\x64\debug\exercise8_colorchange.res
d:\shubham_workspace\object_arx\objectarxcommands\x64\debug\exercise8_colorchange.lib
d:\shubham_workspace\object_arx\objectarxcommands\x64\debug\exercise8_colorchange.exp
d:\shubham_workspace\object_arx\objectarxcommands\exercise8_colorchange\x64\debug\exercise8_colorchange.ilk
d:\shubham_workspace\object_arx\objectarxcommands\exercise8_colorchange\x64\debug\exercise.6a45c667.tlog\cl.command.1.tlog
d:\shubham_workspace\object_arx\objectarxcommands\exercise8_colorchange\x64\debug\exercise.6a45c667.tlog\cl.items.tlog
d:\shubham_workspace\object_arx\objectarxcommands\exercise8_colorchange\x64\debug\exercise.6a45c667.tlog\cl.read.1.tlog
d:\shubham_workspace\object_arx\objectarxcommands\exercise8_colorchange\x64\debug\exercise.6a45c667.tlog\cl.write.1.tlog
d:\shubham_workspace\object_arx\objectarxcommands\exercise8_colorchange\x64\debug\exercise.6a45c667.tlog\link.command.1.tlog
d:\shubham_workspace\object_arx\objectarxcommands\exercise8_colorchange\x64\debug\exercise.6a45c667.tlog\link.read.1.tlog
d:\shubham_workspace\object_arx\objectarxcommands\exercise8_colorchange\x64\debug\exercise.6a45c667.tlog\link.secondary.1.tlog
d:\shubham_workspace\object_arx\objectarxcommands\exercise8_colorchange\x64\debug\exercise.6a45c667.tlog\link.write.1.tlog
d:\shubham_workspace\object_arx\objectarxcommands\exercise8_colorchange\x64\debug\exercise.6a45c667.tlog\rc.command.1.tlog
d:\shubham_workspace\object_arx\objectarxcommands\exercise8_colorchange\x64\debug\exercise.6a45c667.tlog\rc.read.1.tlog
d:\shubham_workspace\object_arx\objectarxcommands\exercise8_colorchange\x64\debug\exercise.6a45c667.tlog\rc.write.1.tlog
